JavaScript error: https://cdn.holmesmind.com/js/presetfn.js?20231115, line 15: SyntaxError: expected expression, got '.'
JavaScript error: https://cdn.holmesmind.com/js/presetfn.js?20231115, line 15: SyntaxError: expected expression, got '.'
JavaScript error: https://cdn.holmesmind.com/js/presetfn.js?20231115, line 15: SyntaxError: expected expression, got '.'
1713658305806	Marionette	DEBUG	Received DOM event "pageshow" for "https://comic.acgn.cc/view-229566.htm"
1713658476762	Marionette	DEBUG	Received DOM event "beforeunload" for "https://comic.acgn.cc/view-229566.htm"
1713658477255	Marionette	DEBUG	Received DOM event "pagehide" for "https://comic.acgn.cc/view-229566.htm"
1713658477255	Marionette	DEBUG	Received DOM event "unload" for "https://comic.acgn.cc/view-229566.htm"
1713658477485	Marionette	DEBUG	Received DOM event "DOMContentLoaded" for "https://comic.acgn.cc/view-234958.htm"
1713658477560	Marionette	DEBUG	Received observer notification "outer-window-destroyed" for "4294967400"
1713658477561	Marionette	DEBUG	Received observer notification "outer-window-destroyed" for "4294967399"
1713658477561	Marionette	DEBUG	Received observer notification "outer-window-destroyed" for "4294967402"
1713658477561	Marionette	DEBUG	Received observer notification "outer-window-destroyed" for "4294967404"
1713658477561	Marionette	DEBUG	Received observer notification "outer-window-destroyed" for "4294967406"
1713658477561	Marionette	DEBUG	Received observer notification "outer-window-destroyed" for "4294967408"
1713658477562	Marionette	DEBUG	Received observer notification "outer-window-destroyed" for "4294967401"
1713658477562	Marionette	DEBUG	Received observer notification "outer-window-destroyed" for "4294967411"
1713658477562	Marionette	DEBUG	Received observer notification "outer-window-destroyed" for "4294967412"
1713658477562	Marionette	DEBUG	Received observer notification "outer-window-destroyed" for "4294967413"
1713658477563	Marionette	DEBUG	Received observer notification "outer-window-destroyed" for "4294967414"
JavaScript error: https://cdn.holmesmind.com/js/presetfn.js?20231115, line 15: SyntaxError: expected expression, got '.'
JavaScript error: https://cdn.holmesmind.com/js/presetfn.js?20231115, line 15: SyntaxError: expected expression, got '.'
JavaScript error: https://cdn.holmesmind.com/js/presetfn.js?20231115, line 15: SyntaxError: expected expression, got '.'
JavaScript error: https://cdn.holmesmind.com/js/presetfn.js?20231115, line 15: SyntaxError: expected expression, got '.'
1713658483716	Marionette	DEBUG	Received DOM event "pageshow" for "https://comic.acgn.cc/view-234958.htm"
1713658598086	Marionette	DEBUG	Received DOM event "beforeunload" for "https://comic.acgn.cc/view-234958.htm"
1713658598252	Marionette	DEBUG	Received DOM event "pagehide" for "https://comic.acgn.cc/view-234958.htm"
1713658598252	Marionette	DEBUG	Received DOM event "unload" for "https://comic.acgn.cc/view-234958.htm"
1713658598465	Marionette	DEBUG	Received DOM event "DOMContentLoaded" for "https://comic.acgn.cc/view-236468.htm"
1713658598495	Marionette	DEBUG	Received observer notification "outer-window-destroyed" for "4294967426"
1713658598495	Marionette	DEBUG	Received observer notification "outer-window-destroyed" for "4294967425"
1713658598495	Marionette	DEBUG	Received observer notification "outer-window-destroyed" for "4294967428"
1713658598495	Marionette	DEBUG	Received observer notification "outer-window-destroyed" for "4294967430"
1713658598495	Marionette	DEBUG	Received observer notification "outer-window-destroyed" for "4294967432"
1713658598496	Marionette	DEBUG	Received observer notification "outer-window-destroyed" for "4294967434"
1713658598496	Marionette	DEBUG	Received observer notification "outer-window-destroyed" for "4294967427"
1713658598496	Marionette	DEBUG	Received observer notification "outer-window-destroyed" for "4294967437"
1713658598496	Marionette	DEBUG	Received observer notification "outer-window-destroyed" for "4294967438"
1713658598497	Marionette	DEBUG	Received observer notification "outer-window-destroyed" for "4294967439"
1713658598497	Marionette	DEBUG	Received observer notification "outer-window-destroyed" for "4294967442"
JavaScript error: https://cdn.holmesmind.com/js/presetfn.js?20231115, line 15: SyntaxError: expected expression, got '.'
JavaScript error: https://cdn.holmesmind.com/js/presetfn.js?20231115, line 15: SyntaxError: expected expression, got '.'
JavaScript error: https://cdn.holmesmind.com/js/presetfn.js?20231115, line 15: SyntaxError: expected expression, got '.'
JavaScript error: https://cdn.holmesmind.com/js/presetfn.js?20231115, line 15: SyntaxError: expected expression, got '.'
1713658599674	Marionette	DEBUG	Received DOM event "pageshow" for "https://comic.acgn.cc/view-236468.htm"
1713658803790	Marionette	INFO	New connections will no longer be accepted
[Parent 33784] WARNING: pipe error: 109: file z:/build/build/src/ipc/chromium/src/chrome/common/ipc_channel_win.cc, line 346
[Child 35752] WARNING: pipe error: 109: file z:/build/build/src/ipc/chromium/src/chrome/common/ipc_channel_win.cc, line 346
[Child 35752] WARNING: pipe error: 109: file z:/build/build/src/ipc/chromium/src/chrome/common/ipc_channel_win.cc, line 346
[Parent 33784] WARNING: pipe error: 109: file z:/build/build/src/ipc/chromium/src/chrome/common/ipc_channel_win.cc, line 346
[Child 40600] WARNING: pipe error: 109: file z:/build/build/src/ipc/chromium/src/chrome/common/ipc_channel_win.cc, line 346
[Child 40600] WARNING: pipe error: 109: file z:/build/build/src/ipc/chromium/src/chrome/common/ipc_channel_win.cc, line 346
[GPU 41388] WARNING: pipe error: 109: file z:/build/build/src/ipc/chromium/src/chrome/common/ipc_channel_win.cc, line 346

###!!! [Child][MessageChannel::SendAndWait] Error: Channel error: cannot send/recv

